<?xml version="1.0" encoding="UTF-8"?>
<coverage generated="1745876667657" clover="3.2.0">
  <project timestamp="1745876667658" name="All files">
    <metrics statements="327" coveredstatements="242" conditionals="81" coveredconditionals="53" methods="36" coveredmethods="31" elements="444" coveredelements="326" complexity="0" loc="327" ncloc="327" packages="1" files="2" classes="2"/>
    <file name="config.js" path="/Users/sanjaysugumar/MealSwipe_capstone/MealSwipe/backend/config.js">
      <metrics statements="2" coveredstatements="2" conditionals="0" coveredconditionals="0" methods="0" coveredmethods="0"/>
      <line num="1" count="1" type="stmt"/>
      <line num="2" count="1" type="stmt"/>
    </file>
    <file name="server.js" path="/Users/sanjaysugumar/MealSwipe_capstone/MealSwipe/backend/server.js">
      <metrics statements="325" coveredstatements="240" conditionals="81" coveredconditionals="53" methods="36" coveredmethods="31"/>
      <line num="1" count="1" type="stmt"/>
      <line num="2" count="1" type="stmt"/>
      <line num="3" count="1" type="stmt"/>
      <line num="4" count="1" type="stmt"/>
      <line num="5" count="1" type="stmt"/>
      <line num="6" count="1" type="stmt"/>
      <line num="7" count="1" type="stmt"/>
      <line num="9" count="1" type="stmt"/>
      <line num="11" count="1" type="stmt"/>
      <line num="12" count="1" type="stmt"/>
      <line num="15" count="1" type="stmt"/>
      <line num="16" count="1" type="stmt"/>
      <line num="17" count="1" type="stmt"/>
      <line num="19" count="1" type="stmt"/>
      <line num="20" count="1" type="stmt"/>
      <line num="21" count="1" type="stmt"/>
      <line num="24" count="1" type="stmt"/>
      <line num="25" count="12" type="stmt"/>
      <line num="26" count="12" type="stmt"/>
      <line num="27" count="12" type="stmt"/>
      <line num="31" count="87" type="stmt"/>
      <line num="32" count="87" type="stmt"/>
      <line num="33" count="87" type="stmt"/>
      <line num="35" count="87" type="stmt"/>
      <line num="38" count="87" type="stmt"/>
      <line num="39" count="87" type="stmt"/>
      <line num="42" count="1" type="stmt"/>
      <line num="44" count="3" type="cond" truecount="1" falsecount="1"/>
      <line num="46" count="3" type="stmt"/>
      <line num="60" count="3" type="stmt"/>
      <line num="69" count="3" type="stmt"/>
      <line num="70" count="3" type="cond" truecount="1" falsecount="1"/>
      <line num="71" count="0" type="stmt"/>
      <line num="72" count="0" type="stmt"/>
      <line num="73" count="0" type="stmt"/>
      <line num="76" count="3" type="stmt"/>
      <line num="77" count="3" type="stmt"/>
      <line num="80" count="3" type="cond" truecount="1" falsecount="1"/>
      <line num="82" count="87" type="cond" truecount="4" falsecount="1"/>
      <line num="83" count="87" type="stmt"/>
      <line num="91" count="87" type="stmt"/>
      <line num="98" count="0" type="stmt"/>
      <line num="104" count="3" type="stmt"/>
      <line num="106" count="0" type="stmt"/>
      <line num="107" count="0" type="stmt"/>
      <line num="112" count="1" type="stmt"/>
      <line num="113" count="0" type="stmt"/>
      <line num="114" count="0" type="cond" truecount="0" falsecount="2"/>
      <line num="115" count="0" type="stmt"/>
      <line num="116" count="0" type="stmt"/>
      <line num="120" count="0" type="cond" truecount="0" falsecount="2"/>
      <line num="121" count="0" type="stmt"/>
      <line num="122" count="0" type="stmt"/>
      <line num="125" count="0" type="stmt"/>
      <line num="126" count="0" type="stmt"/>
      <line num="128" count="0" type="cond" truecount="0" falsecount="2"/>
      <line num="129" count="0" type="stmt"/>
      <line num="130" count="0" type="stmt"/>
      <line num="131" count="0" type="stmt"/>
      <line num="134" count="0" type="stmt"/>
      <line num="135" count="0" type="stmt"/>
      <line num="136" count="0" type="stmt"/>
      <line num="139" count="0" type="stmt"/>
      <line num="141" count="0" type="stmt"/>
      <line num="142" count="0" type="stmt"/>
      <line num="144" count="0" type="cond" truecount="0" falsecount="2"/>
      <line num="145" count="0" type="stmt"/>
      <line num="148" count="0" type="stmt"/>
      <line num="149" count="0" type="stmt"/>
      <line num="150" count="0" type="stmt"/>
      <line num="151" count="0" type="stmt"/>
      <line num="156" count="0" type="stmt"/>
      <line num="157" count="0" type="stmt"/>
      <line num="160" count="0" type="stmt"/>
      <line num="161" count="0" type="stmt"/>
      <line num="163" count="0" type="stmt"/>
      <line num="164" count="0" type="stmt"/>
      <line num="169" count="1" type="stmt"/>
      <line num="170" count="3" type="cond" truecount="2" falsecount="0"/>
      <line num="171" count="1" type="stmt"/>
      <line num="172" count="1" type="stmt"/>
      <line num="173" count="1" type="stmt"/>
      <line num="175" count="2" type="stmt"/>
      <line num="176" count="2" type="stmt"/>
      <line num="177" count="2" type="stmt"/>
      <line num="178" count="1" type="stmt"/>
      <line num="180" count="1" type="stmt"/>
      <line num="181" count="1" type="stmt"/>
      <line num="186" count="1" type="stmt"/>
      <line num="187" count="3" type="cond" truecount="2" falsecount="0"/>
      <line num="188" count="1" type="stmt"/>
      <line num="189" count="1" type="stmt"/>
      <line num="190" count="1" type="stmt"/>
      <line num="192" count="2" type="stmt"/>
      <line num="193" count="2" type="stmt"/>
      <line num="194" count="2" type="stmt"/>
      <line num="195" count="1" type="stmt"/>
      <line num="197" count="1" type="stmt"/>
      <line num="198" count="1" type="stmt"/>
      <line num="202" count="1" type="stmt"/>
      <line num="204" count="10" type="stmt"/>
      <line num="205" count="3" type="stmt"/>
      <line num="206" count="3" type="cond" truecount="2" falsecount="0"/>
      <line num="207" count="1" type="stmt"/>
      <line num="208" count="1" type="stmt"/>
      <line num="209" count="1" type="stmt"/>
      <line num="212" count="2" type="stmt"/>
      <line num="215" count="2" type="stmt"/>
      <line num="217" count="2" type="stmt"/>
      <line num="219" count="2" type="stmt"/>
      <line num="220" count="2" type="cond" truecount="2" falsecount="0"/>
      <line num="221" count="1" type="stmt"/>
      <line num="222" count="1" type="stmt"/>
      <line num="223" count="1" type="stmt"/>
      <line num="227" count="1" type="stmt"/>
      <line num="228" count="1" type="cond" truecount="1" falsecount="1"/>
      <line num="229" count="0" type="stmt"/>
      <line num="232" count="1" type="stmt"/>
      <line num="235" count="0" type="stmt"/>
      <line num="236" count="0" type="stmt"/>
      <line num="241" count="1" type="stmt"/>
      <line num="242" count="3" type="cond" truecount="2" falsecount="0"/>
      <line num="243" count="1" type="stmt"/>
      <line num="244" count="1" type="stmt"/>
      <line num="245" count="1" type="stmt"/>
      <line num="247" count="2" type="stmt"/>
      <line num="248" count="2" type="stmt"/>
      <line num="249" count="2" type="stmt"/>
      <line num="250" count="1" type="stmt"/>
      <line num="252" count="1" type="stmt"/>
      <line num="253" count="1" type="stmt"/>
      <line num="258" count="1" type="stmt"/>
      <line num="259" count="3" type="cond" truecount="2" falsecount="0"/>
      <line num="260" count="1" type="stmt"/>
      <line num="261" count="1" type="stmt"/>
      <line num="262" count="1" type="stmt"/>
      <line num="264" count="2" type="stmt"/>
      <line num="265" count="2" type="stmt"/>
      <line num="266" count="2" type="stmt"/>
      <line num="267" count="1" type="stmt"/>
      <line num="269" count="1" type="stmt"/>
      <line num="270" count="1" type="stmt"/>
      <line num="274" count="1" type="stmt"/>
      <line num="276" count="19" type="stmt"/>
      <line num="277" count="3" type="stmt"/>
      <line num="279" count="3" type="cond" truecount="2" falsecount="0"/>
      <line num="280" count="1" type="stmt"/>
      <line num="281" count="1" type="stmt"/>
      <line num="282" count="1" type="stmt"/>
      <line num="286" count="2" type="stmt"/>
      <line num="287" count="2" type="cond" truecount="1" falsecount="5"/>
      <line num="289" count="0" type="stmt"/>
      <line num="290" count="0" type="stmt"/>
      <line num="292" count="0" type="stmt"/>
      <line num="293" count="0" type="stmt"/>
      <line num="295" count="0" type="stmt"/>
      <line num="296" count="0" type="stmt"/>
      <line num="298" count="2" type="stmt"/>
      <line num="299" count="2" type="stmt"/>
      <line num="301" count="0" type="stmt"/>
      <line num="302" count="0" type="stmt"/>
      <line num="304" count="0" type="stmt"/>
      <line num="305" count="0" type="stmt"/>
      <line num="308" count="2" type="stmt"/>
      <line num="312" count="2" type="stmt"/>
      <line num="314" count="2" type="stmt"/>
      <line num="316" count="2" type="stmt"/>
      <line num="317" count="2" type="cond" truecount="2" falsecount="0"/>
      <line num="318" count="1" type="stmt"/>
      <line num="319" count="1" type="stmt"/>
      <line num="322" count="1" type="stmt"/>
      <line num="325" count="1" type="stmt"/>
      <line num="326" count="1" type="cond" truecount="1" falsecount="1"/>
      <line num="327" count="0" type="stmt"/>
      <line num="330" count="1" type="stmt"/>
      <line num="332" count="1" type="stmt"/>
      <line num="335" count="0" type="stmt"/>
      <line num="336" count="0" type="stmt"/>
      <line num="340" count="1" type="stmt"/>
      <line num="341" count="3" type="cond" truecount="2" falsecount="0"/>
      <line num="342" count="1" type="stmt"/>
      <line num="343" count="1" type="stmt"/>
      <line num="344" count="1" type="stmt"/>
      <line num="346" count="2" type="stmt"/>
      <line num="347" count="2" type="stmt"/>
      <line num="348" count="2" type="stmt"/>
      <line num="349" count="1" type="stmt"/>
      <line num="351" count="1" type="stmt"/>
      <line num="352" count="1" type="stmt"/>
      <line num="358" count="1" type="stmt"/>
      <line num="360" count="6" type="stmt"/>
      <line num="361" count="3" type="stmt"/>
      <line num="362" count="3" type="cond" truecount="2" falsecount="0"/>
      <line num="363" count="1" type="stmt"/>
      <line num="364" count="1" type="stmt"/>
      <line num="365" count="1" type="stmt"/>
      <line num="368" count="2" type="stmt"/>
      <line num="371" count="2" type="stmt"/>
      <line num="375" count="2" type="stmt"/>
      <line num="377" count="2" type="stmt"/>
      <line num="378" count="2" type="stmt"/>
      <line num="379" count="2" type="cond" truecount="2" falsecount="0"/>
      <line num="380" count="1" type="stmt"/>
      <line num="381" count="1" type="stmt"/>
      <line num="383" count="1" type="stmt"/>
      <line num="384" count="1" type="cond" truecount="1" falsecount="1"/>
      <line num="385" count="0" type="stmt"/>
      <line num="388" count="1" type="stmt"/>
      <line num="393" count="0" type="stmt"/>
      <line num="394" count="0" type="stmt"/>
      <line num="398" count="1" type="stmt"/>
      <line num="399" count="3" type="cond" truecount="2" falsecount="0"/>
      <line num="400" count="1" type="stmt"/>
      <line num="401" count="1" type="stmt"/>
      <line num="402" count="1" type="stmt"/>
      <line num="404" count="2" type="stmt"/>
      <line num="405" count="2" type="stmt"/>
      <line num="406" count="2" type="stmt"/>
      <line num="407" count="1" type="stmt"/>
      <line num="409" count="1" type="stmt"/>
      <line num="410" count="1" type="stmt"/>
      <line num="414" count="1" type="stmt"/>
      <line num="416" count="6" type="stmt"/>
      <line num="417" count="3" type="stmt"/>
      <line num="418" count="3" type="cond" truecount="2" falsecount="0"/>
      <line num="419" count="1" type="stmt"/>
      <line num="420" count="1" type="stmt"/>
      <line num="421" count="1" type="stmt"/>
      <line num="425" count="2" type="stmt"/>
      <line num="428" count="2" type="stmt"/>
      <line num="432" count="2" type="stmt"/>
      <line num="434" count="2" type="stmt"/>
      <line num="436" count="2" type="stmt"/>
      <line num="437" count="2" type="cond" truecount="2" falsecount="0"/>
      <line num="438" count="1" type="stmt"/>
      <line num="439" count="1" type="stmt"/>
      <line num="442" count="1" type="stmt"/>
      <line num="443" count="1" type="cond" truecount="1" falsecount="1"/>
      <line num="444" count="0" type="stmt"/>
      <line num="447" count="1" type="stmt"/>
      <line num="452" count="0" type="stmt"/>
      <line num="453" count="0" type="stmt"/>
      <line num="457" count="1" type="stmt"/>
      <line num="458" count="3" type="cond" truecount="4" falsecount="0"/>
      <line num="459" count="1" type="stmt"/>
      <line num="460" count="1" type="stmt"/>
      <line num="461" count="1" type="stmt"/>
      <line num="463" count="2" type="stmt"/>
      <line num="465" count="2" type="stmt"/>
      <line num="466" count="2" type="stmt"/>
      <line num="467" count="1" type="stmt"/>
      <line num="469" count="1" type="stmt"/>
      <line num="470" count="1" type="stmt"/>
      <line num="474" count="1" type="stmt"/>
      <line num="475" count="3" type="cond" truecount="4" falsecount="0"/>
      <line num="476" count="1" type="stmt"/>
      <line num="477" count="1" type="stmt"/>
      <line num="478" count="1" type="stmt"/>
      <line num="480" count="2" type="stmt"/>
      <line num="482" count="2" type="stmt"/>
      <line num="483" count="2" type="stmt"/>
      <line num="484" count="1" type="stmt"/>
      <line num="486" count="1" type="stmt"/>
      <line num="487" count="1" type="stmt"/>
      <line num="492" count="1" type="stmt"/>
      <line num="493" count="3" type="cond" truecount="2" falsecount="0"/>
      <line num="494" count="1" type="stmt"/>
      <line num="495" count="1" type="stmt"/>
      <line num="496" count="1" type="stmt"/>
      <line num="498" count="2" type="stmt"/>
      <line num="500" count="2" type="stmt"/>
      <line num="501" count="2" type="stmt"/>
      <line num="502" count="1" type="stmt"/>
      <line num="504" count="1" type="stmt"/>
      <line num="505" count="1" type="stmt"/>
      <line num="510" count="1" type="stmt"/>
      <line num="511" count="3" type="cond" truecount="2" falsecount="0"/>
      <line num="512" count="1" type="stmt"/>
      <line num="513" count="1" type="stmt"/>
      <line num="514" count="1" type="stmt"/>
      <line num="516" count="2" type="stmt"/>
      <line num="518" count="2" type="stmt"/>
      <line num="519" count="2" type="stmt"/>
      <line num="520" count="1" type="stmt"/>
      <line num="522" count="1" type="stmt"/>
      <line num="523" count="1" type="stmt"/>
      <line num="529" count="1" type="stmt"/>
      <line num="530" count="0" type="cond" truecount="0" falsecount="2"/>
      <line num="531" count="0" type="stmt"/>
      <line num="532" count="0" type="stmt"/>
      <line num="533" count="0" type="stmt"/>
      <line num="536" count="0" type="stmt"/>
      <line num="538" count="0" type="stmt"/>
      <line num="539" count="0" type="stmt"/>
      <line num="540" count="0" type="stmt"/>
      <line num="541" count="0" type="cond" truecount="0" falsecount="2"/>
      <line num="542" count="0" type="stmt"/>
      <line num="544" count="0" type="stmt"/>
      <line num="546" count="0" type="stmt"/>
      <line num="547" count="0" type="stmt"/>
      <line num="551" count="1" type="stmt"/>
      <line num="553" count="0" type="stmt"/>
      <line num="554" count="0" type="stmt"/>
      <line num="555" count="0" type="cond" truecount="0" falsecount="2"/>
      <line num="556" count="0" type="stmt"/>
      <line num="557" count="0" type="stmt"/>
      <line num="558" count="0" type="stmt"/>
      <line num="561" count="0" type="stmt"/>
      <line num="562" count="0" type="stmt"/>
      <line num="563" count="0" type="stmt"/>
      <line num="564" count="0" type="stmt"/>
      <line num="566" count="0" type="stmt"/>
      <line num="567" count="0" type="stmt"/>
      <line num="572" count="1" type="stmt"/>
      <line num="573" count="1" type="stmt"/>
      <line num="577" count="1" type="stmt"/>
      <line num="578" count="1" type="stmt"/>
      <line num="581" count="1" type="stmt"/>
      <line num="582" count="1" type="stmt"/>
      <line num="583" count="1" type="stmt"/>
      <line num="586" count="1" type="stmt"/>
      <line num="587" count="1" type="cond" truecount="1" falsecount="1"/>
      <line num="588" count="1" type="stmt"/>
      <line num="591" count="0" type="stmt"/>
      <line num="601" count="1" type="stmt"/>
    </file>
  </project>
</coverage>
