{"/Users/sanjaysugumar/MealSwipe_capstone/MealSwipe/backend/config.js": {"path":"/Users/sanjaysugumar/MealSwipe_capstone/MealSwipe/backend/config.js","statementMap":{"0":{"start":{"line":1,"column":17},"end":{"line":1,"column":21}},"1":{"start":{"line":2,"column":0},"end":{"line":2,"column":26}}},"fnMap":{},"branchMap":{},"s":{"0":1,"1":1},"f":{},"b":{},"_coverageSchema":"1a1c01bbd47fc00a2c39e90264f33305004495a9","hash":"59f17ff6752665c31e71b2b6ebd56c58caa67b2a"}
,"/Users/sanjaysugumar/MealSwipe_capstone/MealSwipe/backend/server.js": {"path":"/Users/sanjaysugumar/MealSwipe_capstone/MealSwipe/backend/server.js","statementMap":{"0":{"start":{"line":1,"column":16},"end":{"line":1,"column":34}},"1":{"start":{"line":2,"column":13},"end":{"line":2,"column":28}},"2":{"start":{"line":3,"column":16},"end":{"line":3,"column":34}},"3":{"start":{"line":4,"column":13},"end":{"line":4,"column":28}},"4":{"start":{"line":5,"column":17},"end":{"line":5,"column":36}},"5":{"start":{"line":6,"column":19},"end":{"line":6,"column":28}},"6":{"start":{"line":7,"column":19},"end":{"line":7,"column":29}},"7":{"start":{"line":9,"column":12},"end":{"line":9,"column":21}},"8":{"start":{"line":11,"column":16},"end":{"line":11,"column":119}},"9":{"start":{"line":12,"column":23},"end":{"line":12,"column":52}},"10":{"start":{"line":15,"column":19},"end":{"line":15,"column":28}},"11":{"start":{"line":16,"column":25},"end":{"line":16,"column":34}},"12":{"start":{"line":17,"column":30},"end":{"line":17,"column":44}},"13":{"start":{"line":19,"column":0},"end":{"line":19,"column":16}},"14":{"start":{"line":20,"column":0},"end":{"line":20,"column":24}},"15":{"start":{"line":21,"column":0},"end":{"line":21,"column":48}},"16":{"start":{"line":24,"column":22},"end":{"line":28,"column":1}},"17":{"start":{"line":25,"column":26},"end":{"line":25,"column":54}},"18":{"start":{"line":26,"column":4},"end":{"line":26,"column":61}},"19":{"start":{"line":27,"column":4},"end":{"line":27,"column":27}},"20":{"start":{"line":31,"column":14},"end":{"line":31,"column":20}},"21":{"start":{"line":32,"column":17},"end":{"line":32,"column":46}},"22":{"start":{"line":33,"column":17},"end":{"line":33,"column":46}},"23":{"start":{"line":35,"column":8},"end":{"line":37,"column":43}},"24":{"start":{"line":38,"column":14},"end":{"line":38,"column":58}},"25":{"start":{"line":39,"column":4},"end":{"line":39,"column":17}},"26":{"start":{"line":42,"column":0},"end":{"line":110,"column":3}},"27":{"start":{"line":44,"column":24},"end":{"line":44,"column":63}},"28":{"start":{"line":46,"column":17},"end":{"line":58,"column":5}},"29":{"start":{"line":60,"column":32},"end":{"line":67,"column":5}},"30":{"start":{"line":69,"column":4},"end":{"line":109,"column":7}},"31":{"start":{"line":70,"column":8},"end":{"line":74,"column":9}},"32":{"start":{"line":71,"column":12},"end":{"line":71,"column":55}},"33":{"start":{"line":72,"column":12},"end":{"line":72,"column":58}},"34":{"start":{"line":73,"column":12},"end":{"line":73,"column":19}},"35":{"start":{"line":76,"column":8},"end":{"line":108,"column":9}},"36":{"start":{"line":77,"column":32},"end":{"line":77,"column":57}},"37":{"start":{"line":80,"column":44},"end":{"line":102,"column":14}},"38":{"start":{"line":82,"column":16},"end":{"line":95,"column":17}},"39":{"start":{"line":83,"column":37},"end":{"line":88,"column":21}},"40":{"start":{"line":91,"column":20},"end":{"line":94,"column":22}},"41":{"start":{"line":98,"column":16},"end":{"line":101,"column":18}},"42":{"start":{"line":104,"column":12},"end":{"line":104,"column":46}},"43":{"start":{"line":106,"column":12},"end":{"line":106,"column":61}},"44":{"start":{"line":107,"column":12},"end":{"line":107,"column":58}},"45":{"start":{"line":112,"column":0},"end":{"line":166,"column":5}},"46":{"start":{"line":113,"column":22},"end":{"line":113,"column":31}},"47":{"start":{"line":114,"column":4},"end":{"line":117,"column":5}},"48":{"start":{"line":115,"column":6},"end":{"line":115,"column":77}},"49":{"start":{"line":116,"column":6},"end":{"line":116,"column":92}},"50":{"start":{"line":120,"column":4},"end":{"line":138,"column":5}},"51":{"start":{"line":121,"column":25},"end":{"line":121,"column":46}},"52":{"start":{"line":122,"column":25},"end":{"line":122,"column":52}},"53":{"start":{"line":125,"column":26},"end":{"line":125,"column":36}},"54":{"start":{"line":126,"column":23},"end":{"line":126,"column":57}},"55":{"start":{"line":128,"column":6},"end":{"line":137,"column":7}},"56":{"start":{"line":129,"column":8},"end":{"line":129,"column":60}},"57":{"start":{"line":130,"column":8},"end":{"line":130,"column":50}},"58":{"start":{"line":131,"column":8},"end":{"line":131,"column":41}},"59":{"start":{"line":134,"column":8},"end":{"line":134,"column":33}},"60":{"start":{"line":135,"column":8},"end":{"line":135,"column":39}},"61":{"start":{"line":136,"column":8},"end":{"line":136,"column":75}},"62":{"start":{"line":139,"column":26},"end":{"line":139,"column":128}},"63":{"start":{"line":141,"column":4},"end":{"line":165,"column":5}},"64":{"start":{"line":142,"column":23},"end":{"line":142,"column":68}},"65":{"start":{"line":144,"column":6},"end":{"line":146,"column":7}},"66":{"start":{"line":145,"column":8},"end":{"line":145,"column":79}},"67":{"start":{"line":148,"column":26},"end":{"line":148,"column":62}},"68":{"start":{"line":149,"column":26},"end":{"line":149,"column":54}},"69":{"start":{"line":150,"column":21},"end":{"line":150,"column":45}},"70":{"start":{"line":151,"column":24},"end":{"line":154,"column":7}},"71":{"start":{"line":156,"column":6},"end":{"line":156,"column":39}},"72":{"start":{"line":157,"column":6},"end":{"line":157,"column":47}},"73":{"start":{"line":160,"column":6},"end":{"line":160,"column":49}},"74":{"start":{"line":161,"column":6},"end":{"line":161,"column":23}},"75":{"start":{"line":163,"column":6},"end":{"line":163,"column":60}},"76":{"start":{"line":164,"column":6},"end":{"line":164,"column":52}},"77":{"start":{"line":169,"column":0},"end":{"line":183,"column":3}},"78":{"start":{"line":170,"column":4},"end":{"line":174,"column":5}},"79":{"start":{"line":171,"column":8},"end":{"line":171,"column":57}},"80":{"start":{"line":172,"column":8},"end":{"line":172,"column":77}},"81":{"start":{"line":173,"column":8},"end":{"line":173,"column":15}},"82":{"start":{"line":175,"column":18},"end":{"line":175,"column":77}},"83":{"start":{"line":176,"column":4},"end":{"line":182,"column":5}},"84":{"start":{"line":177,"column":23},"end":{"line":177,"column":46}},"85":{"start":{"line":178,"column":8},"end":{"line":178,"column":30}},"86":{"start":{"line":180,"column":8},"end":{"line":180,"column":52}},"87":{"start":{"line":181,"column":8},"end":{"line":181,"column":65}},"88":{"start":{"line":186,"column":0},"end":{"line":200,"column":3}},"89":{"start":{"line":187,"column":4},"end":{"line":191,"column":5}},"90":{"start":{"line":188,"column":8},"end":{"line":188,"column":57}},"91":{"start":{"line":189,"column":8},"end":{"line":189,"column":73}},"92":{"start":{"line":190,"column":8},"end":{"line":190,"column":15}},"93":{"start":{"line":192,"column":18},"end":{"line":192,"column":72}},"94":{"start":{"line":193,"column":4},"end":{"line":199,"column":5}},"95":{"start":{"line":194,"column":23},"end":{"line":194,"column":46}},"96":{"start":{"line":195,"column":8},"end":{"line":195,"column":30}},"97":{"start":{"line":197,"column":8},"end":{"line":197,"column":52}},"98":{"start":{"line":198,"column":8},"end":{"line":198,"column":65}},"99":{"start":{"line":202,"column":0},"end":{"line":238,"column":3}},"100":{"start":{"line":204,"column":25},"end":{"line":204,"column":80}},"101":{"start":{"line":204,"column":36},"end":{"line":204,"column":80}},"102":{"start":{"line":204,"column":58},"end":{"line":204,"column":79}},"103":{"start":{"line":205,"column":18},"end":{"line":205,"column":82}},"104":{"start":{"line":206,"column":4},"end":{"line":210,"column":5}},"105":{"start":{"line":207,"column":8},"end":{"line":207,"column":77}},"106":{"start":{"line":208,"column":8},"end":{"line":208,"column":93}},"107":{"start":{"line":209,"column":8},"end":{"line":209,"column":15}},"108":{"start":{"line":212,"column":22},"end":{"line":213,"column":125}},"109":{"start":{"line":215,"column":22},"end":{"line":215,"column":104}},"110":{"start":{"line":217,"column":4},"end":{"line":237,"column":5}},"111":{"start":{"line":219,"column":27},"end":{"line":219,"column":54}},"112":{"start":{"line":220,"column":8},"end":{"line":224,"column":9}},"113":{"start":{"line":221,"column":12},"end":{"line":221,"column":70}},"114":{"start":{"line":222,"column":12},"end":{"line":222,"column":65}},"115":{"start":{"line":223,"column":12},"end":{"line":223,"column":19}},"116":{"start":{"line":227,"column":27},"end":{"line":227,"column":54}},"117":{"start":{"line":228,"column":8},"end":{"line":230,"column":9}},"118":{"start":{"line":229,"column":12},"end":{"line":229,"column":70}},"119":{"start":{"line":232,"column":8},"end":{"line":232,"column":55}},"120":{"start":{"line":235,"column":8},"end":{"line":235,"column":56}},"121":{"start":{"line":236,"column":8},"end":{"line":236,"column":62}},"122":{"start":{"line":241,"column":0},"end":{"line":255,"column":2}},"123":{"start":{"line":242,"column":4},"end":{"line":246,"column":5}},"124":{"start":{"line":243,"column":8},"end":{"line":243,"column":63}},"125":{"start":{"line":244,"column":8},"end":{"line":244,"column":79}},"126":{"start":{"line":245,"column":8},"end":{"line":245,"column":15}},"127":{"start":{"line":247,"column":18},"end":{"line":247,"column":81}},"128":{"start":{"line":248,"column":4},"end":{"line":254,"column":5}},"129":{"start":{"line":249,"column":23},"end":{"line":249,"column":46}},"130":{"start":{"line":250,"column":8},"end":{"line":250,"column":30}},"131":{"start":{"line":252,"column":8},"end":{"line":252,"column":52}},"132":{"start":{"line":253,"column":8},"end":{"line":253,"column":65}},"133":{"start":{"line":258,"column":0},"end":{"line":272,"column":2}},"134":{"start":{"line":259,"column":4},"end":{"line":263,"column":5}},"135":{"start":{"line":260,"column":8},"end":{"line":260,"column":63}},"136":{"start":{"line":261,"column":8},"end":{"line":261,"column":79}},"137":{"start":{"line":262,"column":8},"end":{"line":262,"column":15}},"138":{"start":{"line":264,"column":18},"end":{"line":264,"column":79}},"139":{"start":{"line":265,"column":4},"end":{"line":271,"column":5}},"140":{"start":{"line":266,"column":23},"end":{"line":266,"column":46}},"141":{"start":{"line":267,"column":8},"end":{"line":267,"column":30}},"142":{"start":{"line":269,"column":8},"end":{"line":269,"column":52}},"143":{"start":{"line":270,"column":8},"end":{"line":270,"column":65}},"144":{"start":{"line":274,"column":0},"end":{"line":338,"column":2}},"145":{"start":{"line":276,"column":25},"end":{"line":276,"column":80}},"146":{"start":{"line":276,"column":36},"end":{"line":276,"column":80}},"147":{"start":{"line":276,"column":58},"end":{"line":276,"column":79}},"148":{"start":{"line":277,"column":18},"end":{"line":278,"column":79}},"149":{"start":{"line":279,"column":4},"end":{"line":283,"column":5}},"150":{"start":{"line":280,"column":8},"end":{"line":280,"column":77}},"151":{"start":{"line":281,"column":8},"end":{"line":281,"column":93}},"152":{"start":{"line":282,"column":8},"end":{"line":282,"column":15}},"153":{"start":{"line":286,"column":26},"end":{"line":286,"column":28}},"154":{"start":{"line":287,"column":4},"end":{"line":306,"column":5}},"155":{"start":{"line":289,"column":12},"end":{"line":289,"column":32}},"156":{"start":{"line":290,"column":12},"end":{"line":290,"column":18}},"157":{"start":{"line":292,"column":12},"end":{"line":292,"column":31}},"158":{"start":{"line":293,"column":12},"end":{"line":293,"column":18}},"159":{"start":{"line":295,"column":12},"end":{"line":295,"column":31}},"160":{"start":{"line":296,"column":12},"end":{"line":296,"column":18}},"161":{"start":{"line":298,"column":12},"end":{"line":298,"column":31}},"162":{"start":{"line":299,"column":12},"end":{"line":299,"column":18}},"163":{"start":{"line":301,"column":12},"end":{"line":301,"column":31}},"164":{"start":{"line":302,"column":12},"end":{"line":302,"column":18}},"165":{"start":{"line":304,"column":12},"end":{"line":304,"column":31}},"166":{"start":{"line":305,"column":12},"end":{"line":305,"column":18}},"167":{"start":{"line":308,"column":22},"end":{"line":310,"column":97}},"168":{"start":{"line":312,"column":22},"end":{"line":312,"column":95}},"169":{"start":{"line":314,"column":4},"end":{"line":337,"column":5}},"170":{"start":{"line":316,"column":27},"end":{"line":316,"column":54}},"171":{"start":{"line":317,"column":8},"end":{"line":320,"column":9}},"172":{"start":{"line":318,"column":12},"end":{"line":318,"column":90}},"173":{"start":{"line":319,"column":12},"end":{"line":319,"column":19}},"174":{"start":{"line":322,"column":8},"end":{"line":322,"column":41}},"175":{"start":{"line":325,"column":27},"end":{"line":325,"column":54}},"176":{"start":{"line":326,"column":8},"end":{"line":328,"column":9}},"177":{"start":{"line":327,"column":12},"end":{"line":327,"column":70}},"178":{"start":{"line":330,"column":8},"end":{"line":330,"column":51}},"179":{"start":{"line":332,"column":8},"end":{"line":332,"column":55}},"180":{"start":{"line":335,"column":8},"end":{"line":335,"column":56}},"181":{"start":{"line":336,"column":8},"end":{"line":336,"column":62}},"182":{"start":{"line":340,"column":0},"end":{"line":354,"column":3}},"183":{"start":{"line":341,"column":4},"end":{"line":345,"column":5}},"184":{"start":{"line":342,"column":8},"end":{"line":342,"column":57}},"185":{"start":{"line":343,"column":8},"end":{"line":343,"column":73}},"186":{"start":{"line":344,"column":8},"end":{"line":344,"column":15}},"187":{"start":{"line":346,"column":18},"end":{"line":346,"column":81}},"188":{"start":{"line":347,"column":4},"end":{"line":353,"column":5}},"189":{"start":{"line":348,"column":23},"end":{"line":348,"column":46}},"190":{"start":{"line":349,"column":8},"end":{"line":349,"column":30}},"191":{"start":{"line":351,"column":8},"end":{"line":351,"column":66}},"192":{"start":{"line":352,"column":8},"end":{"line":352,"column":65}},"193":{"start":{"line":358,"column":0},"end":{"line":396,"column":3}},"194":{"start":{"line":360,"column":25},"end":{"line":360,"column":80}},"195":{"start":{"line":360,"column":36},"end":{"line":360,"column":80}},"196":{"start":{"line":360,"column":58},"end":{"line":360,"column":79}},"197":{"start":{"line":361,"column":18},"end":{"line":361,"column":46}},"198":{"start":{"line":362,"column":4},"end":{"line":366,"column":5}},"199":{"start":{"line":363,"column":8},"end":{"line":363,"column":77}},"200":{"start":{"line":364,"column":8},"end":{"line":364,"column":93}},"201":{"start":{"line":365,"column":8},"end":{"line":365,"column":15}},"202":{"start":{"line":368,"column":22},"end":{"line":369,"column":102}},"203":{"start":{"line":371,"column":22},"end":{"line":373,"column":72}},"204":{"start":{"line":375,"column":4},"end":{"line":395,"column":5}},"205":{"start":{"line":377,"column":27},"end":{"line":377,"column":54}},"206":{"start":{"line":378,"column":8},"end":{"line":378,"column":37}},"207":{"start":{"line":379,"column":9},"end":{"line":382,"column":9}},"208":{"start":{"line":380,"column":13},"end":{"line":380,"column":93}},"209":{"start":{"line":381,"column":12},"end":{"line":381,"column":19}},"210":{"start":{"line":383,"column":27},"end":{"line":383,"column":54}},"211":{"start":{"line":384,"column":8},"end":{"line":386,"column":9}},"212":{"start":{"line":385,"column":12},"end":{"line":385,"column":70}},"213":{"start":{"line":388,"column":8},"end":{"line":388,"column":55}},"214":{"start":{"line":393,"column":8},"end":{"line":393,"column":56}},"215":{"start":{"line":394,"column":8},"end":{"line":394,"column":62}},"216":{"start":{"line":398,"column":0},"end":{"line":412,"column":3}},"217":{"start":{"line":399,"column":4},"end":{"line":403,"column":5}},"218":{"start":{"line":400,"column":8},"end":{"line":400,"column":57}},"219":{"start":{"line":401,"column":8},"end":{"line":401,"column":73}},"220":{"start":{"line":402,"column":8},"end":{"line":402,"column":15}},"221":{"start":{"line":404,"column":18},"end":{"line":404,"column":79}},"222":{"start":{"line":405,"column":4},"end":{"line":411,"column":5}},"223":{"start":{"line":406,"column":23},"end":{"line":406,"column":46}},"224":{"start":{"line":407,"column":8},"end":{"line":407,"column":30}},"225":{"start":{"line":409,"column":8},"end":{"line":409,"column":52}},"226":{"start":{"line":410,"column":8},"end":{"line":410,"column":65}},"227":{"start":{"line":414,"column":0},"end":{"line":455,"column":3}},"228":{"start":{"line":416,"column":26},"end":{"line":416,"column":81}},"229":{"start":{"line":416,"column":37},"end":{"line":416,"column":81}},"230":{"start":{"line":416,"column":59},"end":{"line":416,"column":80}},"231":{"start":{"line":417,"column":19},"end":{"line":417,"column":47}},"232":{"start":{"line":418,"column":5},"end":{"line":422,"column":6}},"233":{"start":{"line":419,"column":9},"end":{"line":419,"column":78}},"234":{"start":{"line":420,"column":9},"end":{"line":420,"column":94}},"235":{"start":{"line":421,"column":9},"end":{"line":421,"column":16}},"236":{"start":{"line":425,"column":23},"end":{"line":426,"column":104}},"237":{"start":{"line":428,"column":23},"end":{"line":430,"column":73}},"238":{"start":{"line":432,"column":5},"end":{"line":432,"column":27}},"239":{"start":{"line":434,"column":5},"end":{"line":454,"column":6}},"240":{"start":{"line":436,"column":28},"end":{"line":436,"column":55}},"241":{"start":{"line":437,"column":9},"end":{"line":440,"column":9}},"242":{"start":{"line":438,"column":12},"end":{"line":438,"column":90}},"243":{"start":{"line":439,"column":12},"end":{"line":439,"column":19}},"244":{"start":{"line":442,"column":28},"end":{"line":442,"column":55}},"245":{"start":{"line":443,"column":9},"end":{"line":445,"column":10}},"246":{"start":{"line":444,"column":13},"end":{"line":444,"column":71}},"247":{"start":{"line":447,"column":9},"end":{"line":447,"column":56}},"248":{"start":{"line":452,"column":9},"end":{"line":452,"column":57}},"249":{"start":{"line":453,"column":9},"end":{"line":453,"column":63}},"250":{"start":{"line":457,"column":0},"end":{"line":472,"column":2}},"251":{"start":{"line":458,"column":4},"end":{"line":462,"column":5}},"252":{"start":{"line":459,"column":8},"end":{"line":459,"column":74}},"253":{"start":{"line":460,"column":8},"end":{"line":460,"column":96}},"254":{"start":{"line":461,"column":8},"end":{"line":461,"column":15}},"255":{"start":{"line":463,"column":25},"end":{"line":463,"column":131}},"256":{"start":{"line":465,"column":4},"end":{"line":471,"column":5}},"257":{"start":{"line":466,"column":23},"end":{"line":466,"column":53}},"258":{"start":{"line":467,"column":8},"end":{"line":467,"column":100}},"259":{"start":{"line":469,"column":8},"end":{"line":469,"column":70}},"260":{"start":{"line":470,"column":8},"end":{"line":470,"column":63}},"261":{"start":{"line":474,"column":0},"end":{"line":489,"column":3}},"262":{"start":{"line":475,"column":4},"end":{"line":479,"column":5}},"263":{"start":{"line":476,"column":8},"end":{"line":476,"column":74}},"264":{"start":{"line":477,"column":8},"end":{"line":477,"column":96}},"265":{"start":{"line":478,"column":8},"end":{"line":478,"column":15}},"266":{"start":{"line":480,"column":25},"end":{"line":480,"column":129}},"267":{"start":{"line":482,"column":4},"end":{"line":488,"column":5}},"268":{"start":{"line":483,"column":23},"end":{"line":483,"column":53}},"269":{"start":{"line":484,"column":8},"end":{"line":484,"column":100}},"270":{"start":{"line":486,"column":8},"end":{"line":486,"column":71}},"271":{"start":{"line":487,"column":8},"end":{"line":487,"column":63}},"272":{"start":{"line":492,"column":0},"end":{"line":507,"column":3}},"273":{"start":{"line":493,"column":4},"end":{"line":497,"column":5}},"274":{"start":{"line":494,"column":8},"end":{"line":494,"column":57}},"275":{"start":{"line":495,"column":8},"end":{"line":495,"column":78}},"276":{"start":{"line":496,"column":8},"end":{"line":496,"column":15}},"277":{"start":{"line":498,"column":25},"end":{"line":498,"column":86}},"278":{"start":{"line":500,"column":4},"end":{"line":506,"column":5}},"279":{"start":{"line":501,"column":23},"end":{"line":501,"column":53}},"280":{"start":{"line":502,"column":8},"end":{"line":502,"column":94}},"281":{"start":{"line":504,"column":8},"end":{"line":504,"column":70}},"282":{"start":{"line":505,"column":8},"end":{"line":505,"column":63}},"283":{"start":{"line":510,"column":0},"end":{"line":525,"column":3}},"284":{"start":{"line":511,"column":4},"end":{"line":515,"column":5}},"285":{"start":{"line":512,"column":8},"end":{"line":512,"column":57}},"286":{"start":{"line":513,"column":8},"end":{"line":513,"column":78}},"287":{"start":{"line":514,"column":8},"end":{"line":514,"column":15}},"288":{"start":{"line":516,"column":25},"end":{"line":516,"column":84}},"289":{"start":{"line":518,"column":4},"end":{"line":524,"column":5}},"290":{"start":{"line":519,"column":23},"end":{"line":519,"column":53}},"291":{"start":{"line":520,"column":8},"end":{"line":520,"column":94}},"292":{"start":{"line":522,"column":8},"end":{"line":522,"column":71}},"293":{"start":{"line":523,"column":8},"end":{"line":523,"column":63}},"294":{"start":{"line":529,"column":0},"end":{"line":549,"column":3}},"295":{"start":{"line":530,"column":4},"end":{"line":534,"column":5}},"296":{"start":{"line":531,"column":8},"end":{"line":531,"column":57}},"297":{"start":{"line":532,"column":8},"end":{"line":532,"column":77}},"298":{"start":{"line":533,"column":8},"end":{"line":533,"column":15}},"299":{"start":{"line":536,"column":4},"end":{"line":536,"column":30}},"300":{"start":{"line":538,"column":22},"end":{"line":538,"column":82}},"301":{"start":{"line":539,"column":4},"end":{"line":548,"column":5}},"302":{"start":{"line":540,"column":23},"end":{"line":540,"column":50}},"303":{"start":{"line":541,"column":8},"end":{"line":543,"column":9}},"304":{"start":{"line":542,"column":12},"end":{"line":542,"column":97}},"305":{"start":{"line":544,"column":8},"end":{"line":544,"column":30}},"306":{"start":{"line":546,"column":8},"end":{"line":546,"column":52}},"307":{"start":{"line":547,"column":8},"end":{"line":547,"column":65}},"308":{"start":{"line":551,"column":0},"end":{"line":570,"column":3}},"309":{"start":{"line":553,"column":25},"end":{"line":553,"column":80}},"310":{"start":{"line":553,"column":36},"end":{"line":553,"column":80}},"311":{"start":{"line":553,"column":58},"end":{"line":553,"column":79}},"312":{"start":{"line":554,"column":18},"end":{"line":554,"column":46}},"313":{"start":{"line":555,"column":4},"end":{"line":559,"column":5}},"314":{"start":{"line":556,"column":8},"end":{"line":556,"column":77}},"315":{"start":{"line":557,"column":8},"end":{"line":557,"column":93}},"316":{"start":{"line":558,"column":8},"end":{"line":558,"column":15}},"317":{"start":{"line":561,"column":25},"end":{"line":561,"column":98}},"318":{"start":{"line":562,"column":4},"end":{"line":568,"column":5}},"319":{"start":{"line":563,"column":23},"end":{"line":563,"column":53}},"320":{"start":{"line":564,"column":8},"end":{"line":564,"column":84}},"321":{"start":{"line":566,"column":8},"end":{"line":566,"column":71}},"322":{"start":{"line":567,"column":8},"end":{"line":567,"column":63}},"323":{"start":{"line":572,"column":0},"end":{"line":574,"column":3}},"324":{"start":{"line":573,"column":4},"end":{"line":573,"column":52}},"325":{"start":{"line":577,"column":0},"end":{"line":579,"column":3}},"326":{"start":{"line":578,"column":4},"end":{"line":578,"column":46}},"327":{"start":{"line":581,"column":0},"end":{"line":584,"column":2}},"328":{"start":{"line":582,"column":4},"end":{"line":582,"column":49}},"329":{"start":{"line":583,"column":4},"end":{"line":583,"column":31}},"330":{"start":{"line":586,"column":13},"end":{"line":586,"column":22}},"331":{"start":{"line":587,"column":0},"end":{"line":598,"column":1}},"332":{"start":{"line":588,"column":4},"end":{"line":588,"column":80}},"333":{"start":{"line":588,"column":36},"end":{"line":588,"column":78}},"334":{"start":{"line":591,"column":4},"end":{"line":597,"column":10}},"335":{"start":{"line":601,"column":0},"end":{"line":601,"column":33}}},"fnMap":{"0":{"name":"(anonymous_0)","decl":{"start":{"line":24,"column":22},"end":{"line":24,"column":23}},"loc":{"start":{"line":24,"column":36},"end":{"line":28,"column":1}},"line":24},"1":{"name":"calculateDistance","decl":{"start":{"line":30,"column":9},"end":{"line":30,"column":26}},"loc":{"start":{"line":30,"column":51},"end":{"line":40,"column":1}},"line":30},"2":{"name":"(anonymous_2)","decl":{"start":{"line":42,"column":42},"end":{"line":42,"column":43}},"loc":{"start":{"line":42,"column":56},"end":{"line":110,"column":1}},"line":42},"3":{"name":"(anonymous_3)","decl":{"start":{"line":69,"column":33},"end":{"line":69,"column":34}},"loc":{"start":{"line":69,"column":60},"end":{"line":109,"column":5}},"line":69},"4":{"name":"(anonymous_4)","decl":{"start":{"line":80,"column":78},"end":{"line":80,"column":79}},"loc":{"start":{"line":80,"column":87},"end":{"line":102,"column":13}},"line":80},"5":{"name":"(anonymous_5)","decl":{"start":{"line":112,"column":43},"end":{"line":112,"column":44}},"loc":{"start":{"line":112,"column":63},"end":{"line":166,"column":3}},"line":112},"6":{"name":"(anonymous_6)","decl":{"start":{"line":169,"column":44},"end":{"line":169,"column":45}},"loc":{"start":{"line":169,"column":64},"end":{"line":183,"column":1}},"line":169},"7":{"name":"(anonymous_7)","decl":{"start":{"line":186,"column":39},"end":{"line":186,"column":40}},"loc":{"start":{"line":186,"column":59},"end":{"line":200,"column":1}},"line":186},"8":{"name":"(anonymous_8)","decl":{"start":{"line":202,"column":32},"end":{"line":202,"column":33}},"loc":{"start":{"line":202,"column":52},"end":{"line":238,"column":1}},"line":202},"9":{"name":"(anonymous_9)","decl":{"start":{"line":204,"column":25},"end":{"line":204,"column":26}},"loc":{"start":{"line":204,"column":36},"end":{"line":204,"column":80}},"line":204},"10":{"name":"(anonymous_10)","decl":{"start":{"line":204,"column":47},"end":{"line":204,"column":48}},"loc":{"start":{"line":204,"column":58},"end":{"line":204,"column":79}},"line":204},"11":{"name":"(anonymous_11)","decl":{"start":{"line":241,"column":41},"end":{"line":241,"column":42}},"loc":{"start":{"line":241,"column":61},"end":{"line":255,"column":1}},"line":241},"12":{"name":"(anonymous_12)","decl":{"start":{"line":258,"column":41},"end":{"line":258,"column":42}},"loc":{"start":{"line":258,"column":61},"end":{"line":272,"column":1}},"line":258},"13":{"name":"(anonymous_13)","decl":{"start":{"line":274,"column":38},"end":{"line":274,"column":39}},"loc":{"start":{"line":274,"column":58},"end":{"line":338,"column":1}},"line":274},"14":{"name":"(anonymous_14)","decl":{"start":{"line":276,"column":25},"end":{"line":276,"column":26}},"loc":{"start":{"line":276,"column":36},"end":{"line":276,"column":80}},"line":276},"15":{"name":"(anonymous_15)","decl":{"start":{"line":276,"column":47},"end":{"line":276,"column":48}},"loc":{"start":{"line":276,"column":58},"end":{"line":276,"column":79}},"line":276},"16":{"name":"(anonymous_16)","decl":{"start":{"line":340,"column":50},"end":{"line":340,"column":51}},"loc":{"start":{"line":340,"column":70},"end":{"line":354,"column":1}},"line":340},"17":{"name":"(anonymous_17)","decl":{"start":{"line":358,"column":51},"end":{"line":358,"column":52}},"loc":{"start":{"line":358,"column":71},"end":{"line":396,"column":1}},"line":358},"18":{"name":"(anonymous_18)","decl":{"start":{"line":360,"column":25},"end":{"line":360,"column":26}},"loc":{"start":{"line":360,"column":36},"end":{"line":360,"column":80}},"line":360},"19":{"name":"(anonymous_19)","decl":{"start":{"line":360,"column":47},"end":{"line":360,"column":48}},"loc":{"start":{"line":360,"column":58},"end":{"line":360,"column":79}},"line":360},"20":{"name":"(anonymous_20)","decl":{"start":{"line":398,"column":52},"end":{"line":398,"column":53}},"loc":{"start":{"line":398,"column":72},"end":{"line":412,"column":1}},"line":398},"21":{"name":"(anonymous_21)","decl":{"start":{"line":414,"column":52},"end":{"line":414,"column":53}},"loc":{"start":{"line":414,"column":72},"end":{"line":455,"column":1}},"line":414},"22":{"name":"(anonymous_22)","decl":{"start":{"line":416,"column":26},"end":{"line":416,"column":27}},"loc":{"start":{"line":416,"column":37},"end":{"line":416,"column":81}},"line":416},"23":{"name":"(anonymous_23)","decl":{"start":{"line":416,"column":48},"end":{"line":416,"column":49}},"loc":{"start":{"line":416,"column":59},"end":{"line":416,"column":80}},"line":416},"24":{"name":"(anonymous_24)","decl":{"start":{"line":457,"column":59},"end":{"line":457,"column":60}},"loc":{"start":{"line":457,"column":79},"end":{"line":472,"column":1}},"line":457},"25":{"name":"(anonymous_25)","decl":{"start":{"line":474,"column":60},"end":{"line":474,"column":61}},"loc":{"start":{"line":474,"column":80},"end":{"line":489,"column":1}},"line":474},"26":{"name":"(anonymous_26)","decl":{"start":{"line":492,"column":55},"end":{"line":492,"column":56}},"loc":{"start":{"line":492,"column":75},"end":{"line":507,"column":1}},"line":492},"27":{"name":"(anonymous_27)","decl":{"start":{"line":510,"column":56},"end":{"line":510,"column":57}},"loc":{"start":{"line":510,"column":76},"end":{"line":525,"column":1}},"line":510},"28":{"name":"(anonymous_28)","decl":{"start":{"line":529,"column":33},"end":{"line":529,"column":34}},"loc":{"start":{"line":529,"column":53},"end":{"line":549,"column":1}},"line":529},"29":{"name":"(anonymous_29)","decl":{"start":{"line":551,"column":40},"end":{"line":551,"column":41}},"loc":{"start":{"line":551,"column":60},"end":{"line":570,"column":1}},"line":551},"30":{"name":"(anonymous_30)","decl":{"start":{"line":553,"column":25},"end":{"line":553,"column":26}},"loc":{"start":{"line":553,"column":36},"end":{"line":553,"column":80}},"line":553},"31":{"name":"(anonymous_31)","decl":{"start":{"line":553,"column":47},"end":{"line":553,"column":48}},"loc":{"start":{"line":553,"column":58},"end":{"line":553,"column":79}},"line":553},"32":{"name":"(anonymous_32)","decl":{"start":{"line":572,"column":16},"end":{"line":572,"column":17}},"loc":{"start":{"line":572,"column":30},"end":{"line":574,"column":1}},"line":572},"33":{"name":"(anonymous_33)","decl":{"start":{"line":577,"column":13},"end":{"line":577,"column":14}},"loc":{"start":{"line":577,"column":27},"end":{"line":579,"column":1}},"line":577},"34":{"name":"(anonymous_34)","decl":{"start":{"line":581,"column":19},"end":{"line":581,"column":20}},"loc":{"start":{"line":581,"column":33},"end":{"line":584,"column":1}},"line":581},"35":{"name":"(anonymous_35)","decl":{"start":{"line":588,"column":30},"end":{"line":588,"column":31}},"loc":{"start":{"line":588,"column":36},"end":{"line":588,"column":78}},"line":588}},"branchMap":{"0":{"loc":{"start":{"line":44,"column":24},"end":{"line":44,"column":63}},"type":"binary-expr","locations":[{"start":{"line":44,"column":24},"end":{"line":44,"column":57}},{"start":{"line":44,"column":61},"end":{"line":44,"column":63}}],"line":44},"1":{"loc":{"start":{"line":70,"column":8},"end":{"line":74,"column":9}},"type":"if","locations":[{"start":{"line":70,"column":8},"end":{"line":74,"column":9}},{"start":{},"end":{}}],"line":70},"2":{"loc":{"start":{"line":80,"column":45},"end":{"line":80,"column":72}},"type":"binary-expr","locations":[{"start":{"line":80,"column":45},"end":{"line":80,"column":66}},{"start":{"line":80,"column":70},"end":{"line":80,"column":72}}],"line":80},"3":{"loc":{"start":{"line":82,"column":16},"end":{"line":95,"column":17}},"type":"if","locations":[{"start":{"line":82,"column":16},"end":{"line":95,"column":17}},{"start":{},"end":{}}],"line":82},"4":{"loc":{"start":{"line":82,"column":20},"end":{"line":82,"column":89}},"type":"binary-expr","locations":[{"start":{"line":82,"column":20},"end":{"line":82,"column":34}},{"start":{"line":82,"column":38},"end":{"line":82,"column":61}},{"start":{"line":82,"column":65},"end":{"line":82,"column":89}}],"line":82},"5":{"loc":{"start":{"line":114,"column":4},"end":{"line":117,"column":5}},"type":"if","locations":[{"start":{"line":114,"column":4},"end":{"line":117,"column":5}},{"start":{},"end":{}}],"line":114},"6":{"loc":{"start":{"line":120,"column":4},"end":{"line":138,"column":5}},"type":"if","locations":[{"start":{"line":120,"column":4},"end":{"line":138,"column":5}},{"start":{},"end":{}}],"line":120},"7":{"loc":{"start":{"line":128,"column":6},"end":{"line":137,"column":7}},"type":"if","locations":[{"start":{"line":128,"column":6},"end":{"line":137,"column":7}},{"start":{"line":132,"column":13},"end":{"line":137,"column":7}}],"line":128},"8":{"loc":{"start":{"line":144,"column":6},"end":{"line":146,"column":7}},"type":"if","locations":[{"start":{"line":144,"column":6},"end":{"line":146,"column":7}},{"start":{},"end":{}}],"line":144},"9":{"loc":{"start":{"line":170,"column":4},"end":{"line":174,"column":5}},"type":"if","locations":[{"start":{"line":170,"column":4},"end":{"line":174,"column":5}},{"start":{},"end":{}}],"line":170},"10":{"loc":{"start":{"line":187,"column":4},"end":{"line":191,"column":5}},"type":"if","locations":[{"start":{"line":187,"column":4},"end":{"line":191,"column":5}},{"start":{},"end":{}}],"line":187},"11":{"loc":{"start":{"line":206,"column":4},"end":{"line":210,"column":5}},"type":"if","locations":[{"start":{"line":206,"column":4},"end":{"line":210,"column":5}},{"start":{},"end":{}}],"line":206},"12":{"loc":{"start":{"line":220,"column":8},"end":{"line":224,"column":9}},"type":"if","locations":[{"start":{"line":220,"column":8},"end":{"line":224,"column":9}},{"start":{},"end":{}}],"line":220},"13":{"loc":{"start":{"line":228,"column":8},"end":{"line":230,"column":9}},"type":"if","locations":[{"start":{"line":228,"column":8},"end":{"line":230,"column":9}},{"start":{},"end":{}}],"line":228},"14":{"loc":{"start":{"line":242,"column":4},"end":{"line":246,"column":5}},"type":"if","locations":[{"start":{"line":242,"column":4},"end":{"line":246,"column":5}},{"start":{},"end":{}}],"line":242},"15":{"loc":{"start":{"line":259,"column":4},"end":{"line":263,"column":5}},"type":"if","locations":[{"start":{"line":259,"column":4},"end":{"line":263,"column":5}},{"start":{},"end":{}}],"line":259},"16":{"loc":{"start":{"line":279,"column":4},"end":{"line":283,"column":5}},"type":"if","locations":[{"start":{"line":279,"column":4},"end":{"line":283,"column":5}},{"start":{},"end":{}}],"line":279},"17":{"loc":{"start":{"line":287,"column":4},"end":{"line":306,"column":5}},"type":"switch","locations":[{"start":{"line":288,"column":8},"end":{"line":290,"column":18}},{"start":{"line":291,"column":8},"end":{"line":293,"column":18}},{"start":{"line":294,"column":8},"end":{"line":296,"column":18}},{"start":{"line":297,"column":8},"end":{"line":299,"column":18}},{"start":{"line":300,"column":8},"end":{"line":302,"column":18}},{"start":{"line":303,"column":8},"end":{"line":305,"column":18}}],"line":287},"18":{"loc":{"start":{"line":317,"column":8},"end":{"line":320,"column":9}},"type":"if","locations":[{"start":{"line":317,"column":8},"end":{"line":320,"column":9}},{"start":{},"end":{}}],"line":317},"19":{"loc":{"start":{"line":326,"column":8},"end":{"line":328,"column":9}},"type":"if","locations":[{"start":{"line":326,"column":8},"end":{"line":328,"column":9}},{"start":{},"end":{}}],"line":326},"20":{"loc":{"start":{"line":341,"column":4},"end":{"line":345,"column":5}},"type":"if","locations":[{"start":{"line":341,"column":4},"end":{"line":345,"column":5}},{"start":{},"end":{}}],"line":341},"21":{"loc":{"start":{"line":362,"column":4},"end":{"line":366,"column":5}},"type":"if","locations":[{"start":{"line":362,"column":4},"end":{"line":366,"column":5}},{"start":{},"end":{}}],"line":362},"22":{"loc":{"start":{"line":379,"column":9},"end":{"line":382,"column":9}},"type":"if","locations":[{"start":{"line":379,"column":9},"end":{"line":382,"column":9}},{"start":{},"end":{}}],"line":379},"23":{"loc":{"start":{"line":384,"column":8},"end":{"line":386,"column":9}},"type":"if","locations":[{"start":{"line":384,"column":8},"end":{"line":386,"column":9}},{"start":{},"end":{}}],"line":384},"24":{"loc":{"start":{"line":399,"column":4},"end":{"line":403,"column":5}},"type":"if","locations":[{"start":{"line":399,"column":4},"end":{"line":403,"column":5}},{"start":{},"end":{}}],"line":399},"25":{"loc":{"start":{"line":418,"column":5},"end":{"line":422,"column":6}},"type":"if","locations":[{"start":{"line":418,"column":5},"end":{"line":422,"column":6}},{"start":{},"end":{}}],"line":418},"26":{"loc":{"start":{"line":437,"column":9},"end":{"line":440,"column":9}},"type":"if","locations":[{"start":{"line":437,"column":9},"end":{"line":440,"column":9}},{"start":{},"end":{}}],"line":437},"27":{"loc":{"start":{"line":443,"column":9},"end":{"line":445,"column":10}},"type":"if","locations":[{"start":{"line":443,"column":9},"end":{"line":445,"column":10}},{"start":{},"end":{}}],"line":443},"28":{"loc":{"start":{"line":458,"column":4},"end":{"line":462,"column":5}},"type":"if","locations":[{"start":{"line":458,"column":4},"end":{"line":462,"column":5}},{"start":{},"end":{}}],"line":458},"29":{"loc":{"start":{"line":458,"column":7},"end":{"line":458,"column":65}},"type":"binary-expr","locations":[{"start":{"line":458,"column":7},"end":{"line":458,"column":34}},{"start":{"line":458,"column":38},"end":{"line":458,"column":65}}],"line":458},"30":{"loc":{"start":{"line":475,"column":4},"end":{"line":479,"column":5}},"type":"if","locations":[{"start":{"line":475,"column":4},"end":{"line":479,"column":5}},{"start":{},"end":{}}],"line":475},"31":{"loc":{"start":{"line":475,"column":7},"end":{"line":475,"column":65}},"type":"binary-expr","locations":[{"start":{"line":475,"column":7},"end":{"line":475,"column":34}},{"start":{"line":475,"column":38},"end":{"line":475,"column":65}}],"line":475},"32":{"loc":{"start":{"line":493,"column":4},"end":{"line":497,"column":5}},"type":"if","locations":[{"start":{"line":493,"column":4},"end":{"line":497,"column":5}},{"start":{},"end":{}}],"line":493},"33":{"loc":{"start":{"line":511,"column":4},"end":{"line":515,"column":5}},"type":"if","locations":[{"start":{"line":511,"column":4},"end":{"line":515,"column":5}},{"start":{},"end":{}}],"line":511},"34":{"loc":{"start":{"line":530,"column":4},"end":{"line":534,"column":5}},"type":"if","locations":[{"start":{"line":530,"column":4},"end":{"line":534,"column":5}},{"start":{},"end":{}}],"line":530},"35":{"loc":{"start":{"line":541,"column":8},"end":{"line":543,"column":9}},"type":"if","locations":[{"start":{"line":541,"column":8},"end":{"line":543,"column":9}},{"start":{},"end":{}}],"line":541},"36":{"loc":{"start":{"line":555,"column":4},"end":{"line":559,"column":5}},"type":"if","locations":[{"start":{"line":555,"column":4},"end":{"line":559,"column":5}},{"start":{},"end":{}}],"line":555},"37":{"loc":{"start":{"line":587,"column":0},"end":{"line":598,"column":1}},"type":"if","locations":[{"start":{"line":587,"column":0},"end":{"line":598,"column":1}},{"start":{"line":589,"column":7},"end":{"line":598,"column":1}}],"line":587}},"s":{"0":1,"1":1,"2":1,"3":1,"4":1,"5":1,"6":1,"7":1,"8":1,"9":1,"10":1,"11":1,"12":1,"13":1,"14":1,"15":1,"16":1,"17":12,"18":12,"19":12,"20":87,"21":87,"22":87,"23":87,"24":87,"25":87,"26":1,"27":3,"28":3,"29":3,"30":3,"31":3,"32":0,"33":0,"34":0,"35":3,"36":3,"37":3,"38":87,"39":87,"40":87,"41":0,"42":3,"43":0,"44":0,"45":1,"46":0,"47":0,"48":0,"49":0,"50":0,"51":0,"52":0,"53":0,"54":0,"55":0,"56":0,"57":0,"58":0,"59":0,"60":0,"61":0,"62":0,"63":0,"64":0,"65":0,"66":0,"67":0,"68":0,"69":0,"70":0,"71":0,"72":0,"73":0,"74":0,"75":0,"76":0,"77":1,"78":3,"79":1,"80":1,"81":1,"82":2,"83":2,"84":2,"85":1,"86":1,"87":1,"88":1,"89":3,"90":1,"91":1,"92":1,"93":2,"94":2,"95":2,"96":1,"97":1,"98":1,"99":1,"100":3,"101":3,"102":10,"103":3,"104":3,"105":1,"106":1,"107":1,"108":2,"109":2,"110":2,"111":2,"112":2,"113":1,"114":1,"115":1,"116":1,"117":1,"118":0,"119":1,"120":0,"121":0,"122":1,"123":3,"124":1,"125":1,"126":1,"127":2,"128":2,"129":2,"130":1,"131":1,"132":1,"133":1,"134":3,"135":1,"136":1,"137":1,"138":2,"139":2,"140":2,"141":1,"142":1,"143":1,"144":1,"145":3,"146":3,"147":19,"148":3,"149":3,"150":1,"151":1,"152":1,"153":2,"154":2,"155":0,"156":0,"157":0,"158":0,"159":0,"160":0,"161":2,"162":2,"163":0,"164":0,"165":0,"166":0,"167":2,"168":2,"169":2,"170":2,"171":2,"172":1,"173":1,"174":1,"175":1,"176":1,"177":0,"178":1,"179":1,"180":0,"181":0,"182":1,"183":3,"184":1,"185":1,"186":1,"187":2,"188":2,"189":2,"190":1,"191":1,"192":1,"193":1,"194":3,"195":3,"196":6,"197":3,"198":3,"199":1,"200":1,"201":1,"202":2,"203":2,"204":2,"205":2,"206":2,"207":2,"208":1,"209":1,"210":1,"211":1,"212":0,"213":1,"214":0,"215":0,"216":1,"217":3,"218":1,"219":1,"220":1,"221":2,"222":2,"223":2,"224":1,"225":1,"226":1,"227":1,"228":3,"229":3,"230":6,"231":3,"232":3,"233":1,"234":1,"235":1,"236":2,"237":2,"238":2,"239":2,"240":2,"241":2,"242":1,"243":1,"244":1,"245":1,"246":0,"247":1,"248":0,"249":0,"250":1,"251":3,"252":1,"253":1,"254":1,"255":2,"256":2,"257":2,"258":1,"259":1,"260":1,"261":1,"262":3,"263":1,"264":1,"265":1,"266":2,"267":2,"268":2,"269":1,"270":1,"271":1,"272":1,"273":3,"274":1,"275":1,"276":1,"277":2,"278":2,"279":2,"280":1,"281":1,"282":1,"283":1,"284":3,"285":1,"286":1,"287":1,"288":2,"289":2,"290":2,"291":1,"292":1,"293":1,"294":1,"295":0,"296":0,"297":0,"298":0,"299":0,"300":0,"301":0,"302":0,"303":0,"304":0,"305":0,"306":0,"307":0,"308":1,"309":0,"310":0,"311":0,"312":0,"313":0,"314":0,"315":0,"316":0,"317":0,"318":0,"319":0,"320":0,"321":0,"322":0,"323":1,"324":1,"325":1,"326":1,"327":1,"328":1,"329":1,"330":1,"331":1,"332":1,"333":1,"334":0,"335":1},"f":{"0":12,"1":87,"2":3,"3":3,"4":87,"5":0,"6":3,"7":3,"8":3,"9":3,"10":10,"11":3,"12":3,"13":3,"14":3,"15":19,"16":3,"17":3,"18":3,"19":6,"20":3,"21":3,"22":3,"23":6,"24":3,"25":3,"26":3,"27":3,"28":0,"29":0,"30":0,"31":0,"32":1,"33":1,"34":1,"35":1},"b":{"0":[3,0],"1":[0,3],"2":[3,0],"3":[87,0],"4":[87,87,87],"5":[0,0],"6":[0,0],"7":[0,0],"8":[0,0],"9":[1,2],"10":[1,2],"11":[1,2],"12":[1,1],"13":[0,1],"14":[1,2],"15":[1,2],"16":[1,2],"17":[0,0,0,2,0,0],"18":[1,1],"19":[0,1],"20":[1,2],"21":[1,2],"22":[1,1],"23":[0,1],"24":[1,2],"25":[1,2],"26":[1,1],"27":[0,1],"28":[1,2],"29":[3,1],"30":[1,2],"31":[3,1],"32":[1,2],"33":[1,2],"34":[0,0],"35":[0,0],"36":[0,0],"37":[1,0]},"_coverageSchema":"1a1c01bbd47fc00a2c39e90264f33305004495a9","hash":"9ce9b242068b3a7d434263bcfa00f556faf81750"}
}
