TN:
SF:config.js
FNF:0
FNH:0
DA:1,1
DA:2,1
LF:2
LH:2
BRF:0
BRH:0
end_of_record
TN:
SF:server.js
FN:24,(anonymous_0)
FN:30,calculateDistance
FN:42,(anonymous_2)
FN:69,(anonymous_3)
FN:80,(anonymous_4)
FN:112,(anonymous_5)
FN:169,(anonymous_6)
FN:186,(anonymous_7)
FN:202,(anonymous_8)
FN:204,(anonymous_9)
FN:204,(anonymous_10)
FN:241,(anonymous_11)
FN:258,(anonymous_12)
FN:274,(anonymous_13)
FN:276,(anonymous_14)
FN:276,(anonymous_15)
FN:340,(anonymous_16)
FN:358,(anonymous_17)
FN:360,(anonymous_18)
FN:360,(anonymous_19)
FN:398,(anonymous_20)
FN:414,(anonymous_21)
FN:416,(anonymous_22)
FN:416,(anonymous_23)
FN:457,(anonymous_24)
FN:474,(anonymous_25)
FN:492,(anonymous_26)
FN:510,(anonymous_27)
FN:529,(anonymous_28)
FN:551,(anonymous_29)
FN:553,(anonymous_30)
FN:553,(anonymous_31)
FN:572,(anonymous_32)
FN:577,(anonymous_33)
FN:581,(anonymous_34)
FN:588,(anonymous_35)
FNF:36
FNH:31
FNDA:12,(anonymous_0)
FNDA:87,calculateDistance
FNDA:3,(anonymous_2)
FNDA:3,(anonymous_3)
FNDA:87,(anonymous_4)
FNDA:0,(anonymous_5)
FNDA:3,(anonymous_6)
FNDA:3,(anonymous_7)
FNDA:3,(anonymous_8)
FNDA:3,(anonymous_9)
FNDA:10,(anonymous_10)
FNDA:3,(anonymous_11)
FNDA:3,(anonymous_12)
FNDA:3,(anonymous_13)
FNDA:3,(anonymous_14)
FNDA:19,(anonymous_15)
FNDA:3,(anonymous_16)
FNDA:3,(anonymous_17)
FNDA:3,(anonymous_18)
FNDA:6,(anonymous_19)
FNDA:3,(anonymous_20)
FNDA:3,(anonymous_21)
FNDA:3,(anonymous_22)
FNDA:6,(anonymous_23)
FNDA:3,(anonymous_24)
FNDA:3,(anonymous_25)
FNDA:3,(anonymous_26)
FNDA:3,(anonymous_27)
FNDA:0,(anonymous_28)
FNDA:0,(anonymous_29)
FNDA:0,(anonymous_30)
FNDA:0,(anonymous_31)
FNDA:1,(anonymous_32)
FNDA:1,(anonymous_33)
FNDA:1,(anonymous_34)
FNDA:1,(anonymous_35)
DA:1,1
DA:2,1
DA:3,1
DA:4,1
DA:5,1
DA:6,1
DA:7,1
DA:9,1
DA:11,1
DA:12,1
DA:15,1
DA:16,1
DA:17,1
DA:19,1
DA:20,1
DA:21,1
DA:24,1
DA:25,12
DA:26,12
DA:27,12
DA:31,87
DA:32,87
DA:33,87
DA:35,87
DA:38,87
DA:39,87
DA:42,1
DA:44,3
DA:46,3
DA:60,3
DA:69,3
DA:70,3
DA:71,0
DA:72,0
DA:73,0
DA:76,3
DA:77,3
DA:80,3
DA:82,87
DA:83,87
DA:91,87
DA:98,0
DA:104,3
DA:106,0
DA:107,0
DA:112,1
DA:113,0
DA:114,0
DA:115,0
DA:116,0
DA:120,0
DA:121,0
DA:122,0
DA:125,0
DA:126,0
DA:128,0
DA:129,0
DA:130,0
DA:131,0
DA:134,0
DA:135,0
DA:136,0
DA:139,0
DA:141,0
DA:142,0
DA:144,0
DA:145,0
DA:148,0
DA:149,0
DA:150,0
DA:151,0
DA:156,0
DA:157,0
DA:160,0
DA:161,0
DA:163,0
DA:164,0
DA:169,1
DA:170,3
DA:171,1
DA:172,1
DA:173,1
DA:175,2
DA:176,2
DA:177,2
DA:178,1
DA:180,1
DA:181,1
DA:186,1
DA:187,3
DA:188,1
DA:189,1
DA:190,1
DA:192,2
DA:193,2
DA:194,2
DA:195,1
DA:197,1
DA:198,1
DA:202,1
DA:204,10
DA:205,3
DA:206,3
DA:207,1
DA:208,1
DA:209,1
DA:212,2
DA:215,2
DA:217,2
DA:219,2
DA:220,2
DA:221,1
DA:222,1
DA:223,1
DA:227,1
DA:228,1
DA:229,0
DA:232,1
DA:235,0
DA:236,0
DA:241,1
DA:242,3
DA:243,1
DA:244,1
DA:245,1
DA:247,2
DA:248,2
DA:249,2
DA:250,1
DA:252,1
DA:253,1
DA:258,1
DA:259,3
DA:260,1
DA:261,1
DA:262,1
DA:264,2
DA:265,2
DA:266,2
DA:267,1
DA:269,1
DA:270,1
DA:274,1
DA:276,19
DA:277,3
DA:279,3
DA:280,1
DA:281,1
DA:282,1
DA:286,2
DA:287,2
DA:289,0
DA:290,0
DA:292,0
DA:293,0
DA:295,0
DA:296,0
DA:298,2
DA:299,2
DA:301,0
DA:302,0
DA:304,0
DA:305,0
DA:308,2
DA:312,2
DA:314,2
DA:316,2
DA:317,2
DA:318,1
DA:319,1
DA:322,1
DA:325,1
DA:326,1
DA:327,0
DA:330,1
DA:332,1
DA:335,0
DA:336,0
DA:340,1
DA:341,3
DA:342,1
DA:343,1
DA:344,1
DA:346,2
DA:347,2
DA:348,2
DA:349,1
DA:351,1
DA:352,1
DA:358,1
DA:360,6
DA:361,3
DA:362,3
DA:363,1
DA:364,1
DA:365,1
DA:368,2
DA:371,2
DA:375,2
DA:377,2
DA:378,2
DA:379,2
DA:380,1
DA:381,1
DA:383,1
DA:384,1
DA:385,0
DA:388,1
DA:393,0
DA:394,0
DA:398,1
DA:399,3
DA:400,1
DA:401,1
DA:402,1
DA:404,2
DA:405,2
DA:406,2
DA:407,1
DA:409,1
DA:410,1
DA:414,1
DA:416,6
DA:417,3
DA:418,3
DA:419,1
DA:420,1
DA:421,1
DA:425,2
DA:428,2
DA:432,2
DA:434,2
DA:436,2
DA:437,2
DA:438,1
DA:439,1
DA:442,1
DA:443,1
DA:444,0
DA:447,1
DA:452,0
DA:453,0
DA:457,1
DA:458,3
DA:459,1
DA:460,1
DA:461,1
DA:463,2
DA:465,2
DA:466,2
DA:467,1
DA:469,1
DA:470,1
DA:474,1
DA:475,3
DA:476,1
DA:477,1
DA:478,1
DA:480,2
DA:482,2
DA:483,2
DA:484,1
DA:486,1
DA:487,1
DA:492,1
DA:493,3
DA:494,1
DA:495,1
DA:496,1
DA:498,2
DA:500,2
DA:501,2
DA:502,1
DA:504,1
DA:505,1
DA:510,1
DA:511,3
DA:512,1
DA:513,1
DA:514,1
DA:516,2
DA:518,2
DA:519,2
DA:520,1
DA:522,1
DA:523,1
DA:529,1
DA:530,0
DA:531,0
DA:532,0
DA:533,0
DA:536,0
DA:538,0
DA:539,0
DA:540,0
DA:541,0
DA:542,0
DA:544,0
DA:546,0
DA:547,0
DA:551,1
DA:553,0
DA:554,0
DA:555,0
DA:556,0
DA:557,0
DA:558,0
DA:561,0
DA:562,0
DA:563,0
DA:564,0
DA:566,0
DA:567,0
DA:572,1
DA:573,1
DA:577,1
DA:578,1
DA:581,1
DA:582,1
DA:583,1
DA:586,1
DA:587,1
DA:588,1
DA:591,0
DA:601,1
LF:325
LH:240
BRDA:44,0,0,3
BRDA:44,0,1,0
BRDA:70,1,0,0
BRDA:70,1,1,3
BRDA:80,2,0,3
BRDA:80,2,1,0
BRDA:82,3,0,87
BRDA:82,3,1,0
BRDA:82,4,0,87
BRDA:82,4,1,87
BRDA:82,4,2,87
BRDA:114,5,0,0
BRDA:114,5,1,0
BRDA:120,6,0,0
BRDA:120,6,1,0
BRDA:128,7,0,0
BRDA:128,7,1,0
BRDA:144,8,0,0
BRDA:144,8,1,0
BRDA:170,9,0,1
BRDA:170,9,1,2
BRDA:187,10,0,1
BRDA:187,10,1,2
BRDA:206,11,0,1
BRDA:206,11,1,2
BRDA:220,12,0,1
BRDA:220,12,1,1
BRDA:228,13,0,0
BRDA:228,13,1,1
BRDA:242,14,0,1
BRDA:242,14,1,2
BRDA:259,15,0,1
BRDA:259,15,1,2
BRDA:279,16,0,1
BRDA:279,16,1,2
BRDA:287,17,0,0
BRDA:287,17,1,0
BRDA:287,17,2,0
BRDA:287,17,3,2
BRDA:287,17,4,0
BRDA:287,17,5,0
BRDA:317,18,0,1
BRDA:317,18,1,1
BRDA:326,19,0,0
BRDA:326,19,1,1
BRDA:341,20,0,1
BRDA:341,20,1,2
BRDA:362,21,0,1
BRDA:362,21,1,2
BRDA:379,22,0,1
BRDA:379,22,1,1
BRDA:384,23,0,0
BRDA:384,23,1,1
BRDA:399,24,0,1
BRDA:399,24,1,2
BRDA:418,25,0,1
BRDA:418,25,1,2
BRDA:437,26,0,1
BRDA:437,26,1,1
BRDA:443,27,0,0
BRDA:443,27,1,1
BRDA:458,28,0,1
BRDA:458,28,1,2
BRDA:458,29,0,3
BRDA:458,29,1,1
BRDA:475,30,0,1
BRDA:475,30,1,2
BRDA:475,31,0,3
BRDA:475,31,1,1
BRDA:493,32,0,1
BRDA:493,32,1,2
BRDA:511,33,0,1
BRDA:511,33,1,2
BRDA:530,34,0,0
BRDA:530,34,1,0
BRDA:541,35,0,0
BRDA:541,35,1,0
BRDA:555,36,0,0
BRDA:555,36,1,0
BRDA:587,37,0,1
BRDA:587,37,1,0
BRF:81
BRH:53
end_of_record
